# JRE version: OpenJDK Runtime Environment Microsoft-7208460 (11.0.18+10) (build 11.0.18+10-LTS)
# Java VM: OpenJDK 64-Bit Server VM Microsoft-7208460 (11.0.18+10-LTS, mixed mode, tiered, compressed oops, g1 gc, windows-amd64)
Heap:
 garbage-first heap   total 500736K, used 202905K [0x0000000080000000, 0x0000000100000000)
  region size 1024K, 3 young (3072K), 3 survivors (3072K)
 Metaspace       used 121491K, capacity 127145K, committed 127492K, reserved 626688K
  class space    used 15586K, capacity 17633K, committed 17740K, reserved 516096K
GC Heap History (20 events):
Event: 483.130 GC heap after
{Heap after GC invocations=48 (full 0):
 garbage-first heap   total 260096K, used 225598K [0x0000000080000000, 0x0000000100000000)
  region size 1024K, 2 young (2048K), 2 survivors (2048K)
 Metaspace       used 121026K, capacity 126640K, committed 126852K, reserved 626688K
  class space    used 15568K, capacity 17601K, committed 17612K, reserved 516096K
}
Event: 483.614 GC heap before
{Heap before GC invocations=48 (full 0):
 garbage-first heap   total 260096K, used 234814K [0x0000000080000000, 0x0000000100000000)
  region size 1024K, 12 young (12288K), 2 survivors (2048K)
 Metaspace       used 121063K, capacity 126646K, committed 126852K, reserved 626688K
  class space    used 15569K, capacity 17603K, committed 17612K, reserved 516096K
}
Event: 483.630 GC heap after
{Heap after GC invocations=49 (full 0):
 garbage-first heap   total 260096K, used 227311K [0x0000000080000000, 0x0000000100000000)
  region size 1024K, 2 young (2048K), 2 survivors (2048K)
 Metaspace       used 121063K, capacity 126646K, committed 126852K, reserved 626688K
  class space    used 15569K, capacity 17603K, committed 17612K, reserved 516096K
}
Event: 484.212 GC heap before
{Heap before GC invocations=49 (full 0):
 garbage-first heap   total 260096K, used 237551K [0x0000000080000000, 0x0000000100000000)
  region size 1024K, 12 young (12288K), 2 survivors (2048K)
 Metaspace       used 121134K, capacity 126677K, committed 126852K, reserved 626688K
  class space    used 15572K, capacity 17608K, committed 17612K, reserved 516096K
}
Event: 484.234 GC heap after
{Heap after GC invocations=50 (full 0):
 garbage-first heap   total 260096K, used 230904K [0x0000000080000000, 0x0000000100000000)
  region size 1024K, 2 young (2048K), 2 survivors (2048K)
 Metaspace       used 121134K, capacity 126677K, committed 126852K, reserved 626688K
  class space    used 15572K, capacity 17608K, committed 17612K, reserved 516096K
}
Event: 484.547 GC heap before
{Heap before GC invocations=51 (full 0):
 garbage-first heap   total 260096K, used 240120K [0x0000000080000000, 0x0000000100000000)
  region size 1024K, 12 young (12288K), 2 survivors (2048K)
 Metaspace       used 121155K, capacity 126742K, committed 126852K, reserved 626688K
  class space    used 15572K, capacity 17608K, committed 17612K, reserved 516096K
}
Event: 484.565 GC heap after
{Heap after GC invocations=52 (full 0):
 garbage-first heap   total 260096K, used 232750K [0x0000000080000000, 0x0000000100000000)
  region size 1024K, 2 young (2048K), 2 survivors (2048K)
 Metaspace       used 121155K, capacity 126742K, committed 126852K, reserved 626688K
  class space    used 15572K, capacity 17608K, committed 17612K, reserved 516096K
}
Event: 484.967 GC heap before
{Heap before GC invocations=52 (full 0):
 garbage-first heap   total 260096K, used 242990K [0x0000000080000000, 0x0000000100000000)
  region size 1024K, 12 young (12288K), 2 survivors (2048K)
 Metaspace       used 121169K, capacity 126809K, committed 126852K, reserved 626688K
  class space    used 15573K, capacity 17609K, committed 17612K, reserved 516096K
}
Event: 484.987 GC heap after
{Heap after GC invocations=53 (full 0):
 garbage-first heap   total 260096K, used 208655K [0x0000000080000000, 0x0000000100000000)
  region size 1024K, 2 young (2048K), 2 survivors (2048K)
 Metaspace       used 121169K, capacity 126809K, committed 126852K, reserved 626688K
  class space    used 15573K, capacity 17609K, committed 17612K, reserved 516096K
}
Event: 485.198 GC heap before
{Heap before GC invocations=53 (full 0):
 garbage-first heap   total 260096K, used 217871K [0x0000000080000000, 0x0000000100000000)
  region size 1024K, 12 young (12288K), 2 survivors (2048K)
 Metaspace       used 121189K, capacity 126818K, committed 126852K, reserved 626688K
  class space    used 15574K, capacity 17611K, committed 17612K, reserved 516096K
}
Event: 485.232 GC heap after
{Heap after GC invocations=54 (full 0):
 garbage-first heap   total 260096K, used 189071K [0x0000000080000000, 0x0000000100000000)
  region size 1024K, 2 young (2048K), 2 survivors (2048K)
 Metaspace       used 121189K, capacity 126818K, committed 126852K, reserved 626688K
  class space    used 15574K, capacity 17611K, committed 17612K, reserved 516096K
}
Event: 485.566 GC heap before
{Heap before GC invocations=54 (full 0):
 garbage-first heap   total 260096K, used 199311K [0x0000000080000000, 0x0000000100000000)
  region size 1024K, 12 young (12288K), 2 survivors (2048K)
 Metaspace       used 121210K, capacity 126953K, committed 127236K, reserved 626688K
  class space    used 15575K, capacity 17613K, committed 17740K, reserved 516096K
}
Event: 485.629 GC heap after
{Heap after GC invocations=55 (full 0):
 garbage-first heap   total 260096K, used 178402K [0x0000000080000000, 0x0000000100000000)
  region size 1024K, 2 young (2048K), 2 survivors (2048K)
 Metaspace       used 121210K, capacity 126953K, committed 127236K, reserved 626688K
  class space    used 15575K, capacity 17613K, committed 17740K, reserved 516096K
}
Event: 486.175 GC heap before
{Heap before GC invocations=55 (full 0):
 garbage-first heap   total 260096K, used 199906K [0x0000000080000000, 0x0000000100000000)
  region size 1024K, 24 young (24576K), 2 survivors (2048K)
 Metaspace       used 121255K, capacity 126962K, committed 127236K, reserved 626688K
  class space    used 15576K, capacity 17615K, committed 17740K, reserved 516096K
}
Event: 486.210 GC heap after
{Heap after GC invocations=56 (full 0):
 garbage-first heap   total 260096K, used 184175K [0x0000000080000000, 0x0000000100000000)
  region size 1024K, 3 young (3072K), 3 survivors (3072K)
 Metaspace       used 121255K, capacity 126962K, committed 127236K, reserved 626688K
  class space    used 15576K, capacity 17615K, committed 17740K, reserved 516096K
}
Event: 486.850 GC heap before
{Heap before GC invocations=56 (full 0):
 garbage-first heap   total 260096K, used 205679K [0x0000000080000000, 0x0000000100000000)
  region size 1024K, 24 young (24576K), 3 survivors (3072K)
 Metaspace       used 121367K, capacity 127038K, committed 127236K, reserved 626688K
  class space    used 15583K, capacity 17627K, committed 17740K, reserved 516096K
}
Event: 486.881 GC heap after
{Heap after GC invocations=57 (full 0):
 garbage-first heap   total 260096K, used 189717K [0x0000000080000000, 0x0000000100000000)
  region size 1024K, 3 young (3072K), 3 survivors (3072K)
 Metaspace       used 121367K, capacity 127038K, committed 127236K, reserved 626688K
  class space    used 15583K, capacity 17627K, committed 17740K, reserved 516096K
}
Event: 487.398 GC heap before
{Heap before GC invocations=57 (full 0):
 garbage-first heap   total 260096K, used 210197K [0x0000000080000000, 0x0000000100000000)
  region size 1024K, 23 young (23552K), 3 survivors (3072K)
 Metaspace       used 121437K, capacity 127137K, committed 127492K, reserved 626688K
  class space    used 15586K, capacity 17632K, committed 17740K, reserved 516096K
}
Event: 487.438 GC heap after
{Heap after GC invocations=58 (full 0):
 garbage-first heap   total 260096K, used 196608K [0x0000000080000000, 0x0000000100000000)
  region size 1024K, 3 young (3072K), 3 survivors (3072K)
 Metaspace       used 121437K, capacity 127137K, committed 127492K, reserved 626688K
  class space    used 15586K, capacity 17632K, committed 17740K, reserved 516096K
}
Event: 488.805 GC heap before
{Heap before GC invocations=58 (full 0):
 garbage-first heap   total 260096K, used 215040K [0x0000000080000000, 0x0000000100000000)
  region size 1024K, 21 young (21504K), 3 survivors (3072K)
 Metaspace       used 121491K, capacity 127145K, committed 127492K, reserved 626688K
  class space    used 15586K, capacity 17633K, committed 17740K, reserved 516096K
}

